<?xml version="1.0" encoding="UTF-8"?>
<testsuite name="com.kodilla.ecommercee.SpringBootJPAIntegrationTest" tests="1" skipped="0" failures="0" errors="0" timestamp="2020-07-23T14:56:57" hostname="java24" time="0.136">
  <properties/>
  <testcase name="givenGenericEntityRepository_whenSaveAndRetreiveEntity_thenOK" classname="com.kodilla.ecommercee.SpringBootJPAIntegrationTest" time="0.136"/>
  <system-out><![CDATA[16:56:51.272 [Test worker] DEBUG org.springframework.test.context.junit4.SpringJUnit4ClassRunner - SpringJUnit4ClassRunner constructor called with [class com.kodilla.ecommercee.SpringBootJPAIntegrationTest]
16:56:51.281 [Test worker] DEBUG org.springframework.test.context.BootstrapUtils - Instantiating CacheAwareContextLoaderDelegate from class [org.springframework.test.context.cache.DefaultCacheAwareContextLoaderDelegate]
16:56:51.290 [Test worker] DEBUG org.springframework.test.context.BootstrapUtils - Instantiating BootstrapContext using constructor [public org.springframework.test.context.support.DefaultBootstrapContext(java.lang.Class,org.springframework.test.context.CacheAwareContextLoaderDelegate)]
16:56:51.312 [Test worker] DEBUG org.springframework.test.context.BootstrapUtils - Instantiating TestContextBootstrapper for test class [com.kodilla.ecommercee.SpringBootJPAIntegrationTest] from class [org.springframework.boot.test.context.SpringBootTestContextBootstrapper]
16:56:51.323 [Test worker] INFO org.springframework.boot.test.context.SpringBootTestContextBootstrapper - Neither @ContextConfiguration nor @ContextHierarchy found for test class [com.kodilla.ecommercee.SpringBootJPAIntegrationTest], using SpringBootContextLoader
16:56:51.326 [Test worker] DEBUG org.springframework.test.context.support.AbstractContextLoader - Did not detect default resource location for test class [com.kodilla.ecommercee.SpringBootJPAIntegrationTest]: class path resource [com/kodilla/ecommercee/SpringBootJPAIntegrationTest-context.xml] does not exist
16:56:51.327 [Test worker] DEBUG org.springframework.test.context.support.AbstractContextLoader - Did not detect default resource location for test class [com.kodilla.ecommercee.SpringBootJPAIntegrationTest]: class path resource [com/kodilla/ecommercee/SpringBootJPAIntegrationTestContext.groovy] does not exist
16:56:51.327 [Test worker] INFO org.springframework.test.context.support.AbstractContextLoader - Could not detect default resource locations for test class [com.kodilla.ecommercee.SpringBootJPAIntegrationTest]: no resource found for suffixes {-context.xml, Context.groovy}.
16:56:51.328 [Test worker] INFO org.springframework.test.context.support.AnnotationConfigContextLoaderUtils - Could not detect default configuration classes for test class [com.kodilla.ecommercee.SpringBootJPAIntegrationTest]: SpringBootJPAIntegrationTest does not declare any static, non-private, non-final, nested classes annotated with @Configuration.
16:56:51.364 [Test worker] DEBUG org.springframework.test.context.support.ActiveProfilesUtils - Could not find an 'annotation declaring class' for annotation type [org.springframework.test.context.ActiveProfiles] and class [com.kodilla.ecommercee.SpringBootJPAIntegrationTest]
16:56:51.440 [Test worker] DEBUG org.springframework.context.annotation.ClassPathScanningCandidateComponentProvider - Identified candidate component class: file [/home/chris/Development/Projects/kodilla-course/project-jdp-2007-02/build/classes/java/main/com/kodilla/ecommercee/EcommerceeApplication.class]
16:56:51.446 [Test worker] INFO org.springframework.boot.test.context.SpringBootTestContextBootstrapper - Found @SpringBootConfiguration com.kodilla.ecommercee.EcommerceeApplication for test class com.kodilla.ecommercee.SpringBootJPAIntegrationTest
16:56:51.560 [Test worker] DEBUG org.springframework.boot.test.context.SpringBootTestContextBootstrapper - @TestExecutionListeners is not present for class [com.kodilla.ecommercee.SpringBootJPAIntegrationTest]: using defaults.
16:56:51.561 [Test worker] INFO org.springframework.boot.test.context.SpringBootTestContextBootstrapper - Loaded default TestExecutionListener class names from location [META-INF/spring.factories]: [org.springframework.boot.test.autoconfigure.restdocs.RestDocsTestExecutionListener, org.springframework.boot.test.autoconfigure.web.client.MockRestServiceServerResetTestExecutionListener, org.springframework.boot.test.autoconfigure.web.servlet.MockMvcPrintOnlyOnFailureTestExecutionListener, org.springframework.boot.test.autoconfigure.web.servlet.WebDriverTestExecutionListener, org.springframework.boot.test.mock.mockito.MockitoTestExecutionListener, org.springframework.boot.test.mock.mockito.ResetMocksTestExecutionListener, org.springframework.test.context.web.ServletTestExecutionListener, org.springframework.test.context.support.DirtiesContextBeforeModesTestExecutionListener, org.springframework.test.context.support.DependencyInjectionTestExecutionListener, org.springframework.test.context.support.DirtiesContextTestExecutionListener, org.springframework.test.context.transaction.TransactionalTestExecutionListener, org.springframework.test.context.jdbc.SqlScriptsTestExecutionListener]
16:56:51.579 [Test worker] INFO org.springframework.boot.test.context.SpringBootTestContextBootstrapper - Using TestExecutionListeners: [org.springframework.test.context.web.ServletTestExecutionListener@585eb6cb, org.springframework.test.context.support.DirtiesContextBeforeModesTestExecutionListener@368ea7b5, org.springframework.boot.test.mock.mockito.MockitoTestExecutionListener@5a49e12b, org.springframework.boot.test.autoconfigure.SpringBootDependencyInjectionTestExecutionListener@2988a0df, org.springframework.test.context.support.DirtiesContextTestExecutionListener@4cdb3cb, org.springframework.test.context.transaction.TransactionalTestExecutionListener@473d0fe8, org.springframework.test.context.jdbc.SqlScriptsTestExecutionListener@5268fe9d, org.springframework.boot.test.autoconfigure.restdocs.RestDocsTestExecutionListener@3e0a2257, org.springframework.boot.test.autoconfigure.web.client.MockRestServiceServerResetTestExecutionListener@57308db6, org.springframework.boot.test.autoconfigure.web.servlet.MockMvcPrintOnlyOnFailureTestExecutionListener@78dd9af7, org.springframework.boot.test.autoconfigure.web.servlet.WebDriverTestExecutionListener@6d541f67, org.springframework.boot.test.mock.mockito.ResetMocksTestExecutionListener@2a39000]
16:56:51.583 [Test worker] DEBUG org.springframework.test.annotation.ProfileValueUtils - Retrieved @ProfileValueSourceConfiguration [null] for test class [com.kodilla.ecommercee.SpringBootJPAIntegrationTest]
16:56:51.583 [Test worker] DEBUG org.springframework.test.annotation.ProfileValueUtils - Retrieved ProfileValueSource type [class org.springframework.test.annotation.SystemProfileValueSource] for class [com.kodilla.ecommercee.SpringBootJPAIntegrationTest]
16:56:51.584 [Test worker] DEBUG org.springframework.test.annotation.ProfileValueUtils - Retrieved @ProfileValueSourceConfiguration [null] for test class [com.kodilla.ecommercee.SpringBootJPAIntegrationTest]
16:56:51.584 [Test worker] DEBUG org.springframework.test.annotation.ProfileValueUtils - Retrieved ProfileValueSource type [class org.springframework.test.annotation.SystemProfileValueSource] for class [com.kodilla.ecommercee.SpringBootJPAIntegrationTest]
16:56:51.589 [Test worker] DEBUG org.springframework.test.context.support.AbstractDirtiesContextTestExecutionListener - Before test class: context [DefaultTestContext@6c7874e9 testClass = SpringBootJPAIntegrationTest, testInstance = [null], testMethod = [null], testException = [null], mergedContextConfiguration = [WebMergedContextConfiguration@68cfa654 testClass = SpringBootJPAIntegrationTest, locations = '{}', classes = '{class com.kodilla.ecommercee.EcommerceeApplication}', contextInitializerClasses = '[]', activeProfiles = '{}', propertySourceLocations = '{}', propertySourceProperties = '{org.springframework.boot.test.context.SpringBootTestContextBootstrapper=true}', contextCustomizers = set[org.springframework.boot.test.autoconfigure.properties.PropertyMappingContextCustomizer@0, org.springframework.boot.test.autoconfigure.web.servlet.WebDriverContextCustomizerFactory$Customizer@4c0bdcf2, org.springframework.boot.test.context.filter.ExcludeFilterContextCustomizer@6efa2748, org.springframework.boot.test.json.DuplicateJsonObjectContextCustomizerFactory$DuplicateJsonObjectContextCustomizer@13490ae1, org.springframework.boot.test.mock.mockito.MockitoContextCustomizer@0, org.springframework.boot.test.web.client.TestRestTemplateContextCustomizer@271106d2], resourceBasePath = 'src/main/webapp', contextLoader = 'org.springframework.boot.test.context.SpringBootContextLoader', parent = [null]], attributes = map['org.springframework.test.context.web.ServletTestExecutionListener.activateListener' -> true]], class annotated with @DirtiesContext [false] with mode [null].
16:56:51.590 [Test worker] DEBUG org.springframework.test.annotation.ProfileValueUtils - Retrieved @ProfileValueSourceConfiguration [null] for test class [com.kodilla.ecommercee.SpringBootJPAIntegrationTest]
16:56:51.590 [Test worker] DEBUG org.springframework.test.annotation.ProfileValueUtils - Retrieved ProfileValueSource type [class org.springframework.test.annotation.SystemProfileValueSource] for class [com.kodilla.ecommercee.SpringBootJPAIntegrationTest]
16:56:51.615 [Test worker] DEBUG org.springframework.test.context.support.TestPropertySourceUtils - Adding inlined properties to environment: {spring.jmx.enabled=false, org.springframework.boot.test.context.SpringBootTestContextBootstrapper=true, server.port=-1}

  .   ____          _            __ _ _
 /\\ / ___'_ __ _ _(_)_ __  __ _ \ \ \ \
( ( )\___ | '_ | '_| | '_ \/ _` | \ \ \ \
 \\/  ___)| |_)| | | | | || (_| |  ) ) ) )
  '  |____| .__|_| |_|_| |_\__, | / / / /
 =========|_|==============|___/=/_/_/_/
 :: Spring Boot ::        (v2.1.1.RELEASE)

2020-07-23 16:56:51.897  INFO 4738 --- [    Test worker] c.k.e.SpringBootJPAIntegrationTest       : Starting SpringBootJPAIntegrationTest on java24 with PID 4738 (started by chris in /home/chris/Development/Projects/kodilla-course/project-jdp-2007-02)
2020-07-23 16:56:51.903  INFO 4738 --- [    Test worker] c.k.e.SpringBootJPAIntegrationTest       : No active profile set, falling back to default profiles: default
2020-07-23 16:56:53.000  INFO 4738 --- [    Test worker] .s.d.r.c.RepositoryConfigurationDelegate : Bootstrapping Spring Data repositories in DEFAULT mode.
2020-07-23 16:56:53.111  INFO 4738 --- [    Test worker] .s.d.r.c.RepositoryConfigurationDelegate : Finished Spring Data repository scanning in 98ms. Found 1 repository interfaces.
2020-07-23 16:56:53.704  INFO 4738 --- [    Test worker] trationDelegate$BeanPostProcessorChecker : Bean 'org.springframework.transaction.annotation.ProxyTransactionManagementConfiguration' of type [org.springframework.transaction.annotation.ProxyTransactionManagementConfiguration$$EnhancerBySpringCGLIB$$af6350d4] is not eligible for getting processed by all BeanPostProcessors (for example: not eligible for auto-proxying)
2020-07-23 16:56:54.030  INFO 4738 --- [    Test worker] com.zaxxer.hikari.HikariDataSource       : HikariPool-1 - Starting...
2020-07-23 16:56:54.286  INFO 4738 --- [    Test worker] com.zaxxer.hikari.HikariDataSource       : HikariPool-1 - Start completed.
2020-07-23 16:56:54.402  INFO 4738 --- [    Test worker] o.hibernate.jpa.internal.util.LogHelper  : HHH000204: Processing PersistenceUnitInfo [
	name: default
	...]
2020-07-23 16:56:54.465  INFO 4738 --- [    Test worker] org.hibernate.Version                    : HHH000412: Hibernate Core {5.3.7.Final}
2020-07-23 16:56:54.466  INFO 4738 --- [    Test worker] org.hibernate.cfg.Environment            : HHH000206: hibernate.properties not found
2020-07-23 16:56:54.636  INFO 4738 --- [    Test worker] o.hibernate.annotations.common.Version   : HCANN000001: Hibernate Commons Annotations {5.0.4.Final}
2020-07-23 16:56:54.807  INFO 4738 --- [    Test worker] org.hibernate.dialect.Dialect            : HHH000400: Using dialect: org.hibernate.dialect.H2Dialect
2020-07-23 16:56:55.479  INFO 4738 --- [    Test worker] o.h.t.schema.internal.SchemaCreatorImpl  : HHH000476: Executing import script 'org.hibernate.tool.schema.internal.exec.ScriptSourceInputNonExistentImpl@21d3849d'
2020-07-23 16:56:55.482  INFO 4738 --- [    Test worker] j.LocalContainerEntityManagerFactoryBean : Initialized JPA EntityManagerFactory for persistence unit 'default'
2020-07-23 16:56:56.603  INFO 4738 --- [    Test worker] o.s.s.concurrent.ThreadPoolTaskExecutor  : Initializing ExecutorService 'applicationTaskExecutor'
2020-07-23 16:56:56.714  WARN 4738 --- [    Test worker] aWebConfiguration$JpaWebMvcConfiguration : spring.jpa.open-in-view is enabled by default. Therefore, database queries may be performed during view rendering. Explicitly configure spring.jpa.open-in-view to disable this warning
2020-07-23 16:56:57.375  INFO 4738 --- [    Test worker] c.k.e.SpringBootJPAIntegrationTest       : Started SpringBootJPAIntegrationTest in 5.754 seconds (JVM running for 6.893)
]]></system-out>
  <system-err><![CDATA[]]></system-err>
</testsuite>
