<?xml version="1.0" encoding="UTF-8"?>
<testsuite name="com.kodilla.ecommercee.EcommerceeApplicationTests" tests="1" skipped="0" failures="0" errors="0" timestamp="2020-07-23T14:56:57" hostname="java24" time="0.003">
  <properties/>
  <testcase name="contextLoads" classname="com.kodilla.ecommercee.EcommerceeApplicationTests" time="0.003"/>
  <system-out><![CDATA[2020-07-23 16:56:57.542  INFO 4738 --- [    Test worker] .b.t.c.SpringBootTestContextBootstrapper : Neither @ContextConfiguration nor @ContextHierarchy found for test class [com.kodilla.ecommercee.EcommerceeApplicationTests], using SpringBootContextLoader
2020-07-23 16:56:57.543  INFO 4738 --- [    Test worker] o.s.t.c.support.AbstractContextLoader    : Could not detect default resource locations for test class [com.kodilla.ecommercee.EcommerceeApplicationTests]: no resource found for suffixes {-context.xml, Context.groovy}.
2020-07-23 16:56:57.543  INFO 4738 --- [    Test worker] t.c.s.AnnotationConfigContextLoaderUtils : Could not detect default configuration classes for test class [com.kodilla.ecommercee.EcommerceeApplicationTests]: EcommerceeApplicationTests does not declare any static, non-private, non-final, nested classes annotated with @Configuration.
2020-07-23 16:56:57.545  INFO 4738 --- [    Test worker] .b.t.c.SpringBootTestContextBootstrapper : Found @SpringBootConfiguration com.kodilla.ecommercee.EcommerceeApplication for test class com.kodilla.ecommercee.EcommerceeApplicationTests
2020-07-23 16:56:57.546  INFO 4738 --- [    Test worker] .b.t.c.SpringBootTestContextBootstrapper : Loaded default TestExecutionListener class names from location [META-INF/spring.factories]: [org.springframework.boot.test.autoconfigure.restdocs.RestDocsTestExecutionListener, org.springframework.boot.test.autoconfigure.web.client.MockRestServiceServerResetTestExecutionListener, org.springframework.boot.test.autoconfigure.web.servlet.MockMvcPrintOnlyOnFailureTestExecutionListener, org.springframework.boot.test.autoconfigure.web.servlet.WebDriverTestExecutionListener, org.springframework.boot.test.mock.mockito.MockitoTestExecutionListener, org.springframework.boot.test.mock.mockito.ResetMocksTestExecutionListener, org.springframework.test.context.web.ServletTestExecutionListener, org.springframework.test.context.support.DirtiesContextBeforeModesTestExecutionListener, org.springframework.test.context.support.DependencyInjectionTestExecutionListener, org.springframework.test.context.support.DirtiesContextTestExecutionListener, org.springframework.test.context.transaction.TransactionalTestExecutionListener, org.springframework.test.context.jdbc.SqlScriptsTestExecutionListener]
2020-07-23 16:56:57.547  INFO 4738 --- [    Test worker] .b.t.c.SpringBootTestContextBootstrapper : Using TestExecutionListeners: [org.springframework.test.context.web.ServletTestExecutionListener@1072a08d, org.springframework.test.context.support.DirtiesContextBeforeModesTestExecutionListener@4a982d8f, org.springframework.boot.test.mock.mockito.MockitoTestExecutionListener@220dfc31, org.springframework.boot.test.autoconfigure.SpringBootDependencyInjectionTestExecutionListener@7bed9d54, org.springframework.test.context.support.DirtiesContextTestExecutionListener@7e9e3c6c, org.springframework.test.context.transaction.TransactionalTestExecutionListener@75618265, org.springframework.test.context.jdbc.SqlScriptsTestExecutionListener@38c0048c, org.springframework.boot.test.autoconfigure.restdocs.RestDocsTestExecutionListener@2f5029fd, org.springframework.boot.test.autoconfigure.web.client.MockRestServiceServerResetTestExecutionListener@20220d27, org.springframework.boot.test.autoconfigure.web.servlet.MockMvcPrintOnlyOnFailureTestExecutionListener@59a9d1ec, org.springframework.boot.test.autoconfigure.web.servlet.WebDriverTestExecutionListener@61f54a31, org.springframework.boot.test.mock.mockito.ResetMocksTestExecutionListener@4f449833]
]]></system-out>
  <system-err><![CDATA[]]></system-err>
</testsuite>
